<?xml version="1.0" encoding="UTF-8"?>
<robot generator="Robot 7.0 (Python 3.10.4 on win32)" generated="2024-05-15T11:34:58.811657" rpa="false" schemaversion="5">
<suite id="s1" name="LoginTest" source="C:\Users\mahbub.islam\PycharmProjects\RPA_SDET\RobotFrame_WebAutomation_MyanmarHRIS\TestCases\LoginTest.robot">
<test id="s1-t1" name="Login Test" line="12">
<kw name="Open My Browser" owner="LoginKeywords">
<kw name="Open Browser" owner="SeleniumLibrary">
<msg time="2024-05-15T11:34:59.340327" level="INFO">Opening browser 'Chrome' to base url 'https://myanhris.scibd.info/Account/Login'.</msg>
<arg>${SiteURL}</arg>
<arg>${BrowserName}</arg>
<doc>Opens a new browser instance to the optional ``url``.</doc>
<status status="PASS" start="2024-05-15T11:34:59.339326" elapsed="7.821752"/>
</kw>
<kw name="Maximize Browser Window" owner="SeleniumLibrary">
<doc>Maximizes current browser window.</doc>
<status status="PASS" start="2024-05-15T11:35:07.162075" elapsed="0.028076"/>
</kw>
<arg>${SiteUrl}</arg>
<arg>${Browser}</arg>
<status status="PASS" start="2024-05-15T11:34:59.337322" elapsed="7.852829"/>
</kw>
<kw name="Enter Username" owner="LoginKeywords">
<kw name="Input Text" owner="SeleniumLibrary">
<msg time="2024-05-15T11:35:07.193102" level="INFO">Typing text '123456789' into text field 'name:Email'.</msg>
<arg>${txt_loginUserName}</arg>
<arg>${username}</arg>
<doc>Types the given ``text`` into the text field identified by ``locator``.</doc>
<status status="PASS" start="2024-05-15T11:35:07.192154" elapsed="0.215095"/>
</kw>
<arg>${username}</arg>
<status status="PASS" start="2024-05-15T11:35:07.191150" elapsed="0.217609"/>
</kw>
<kw name="Sleep" owner="BuiltIn">
<msg time="2024-05-15T11:35:10.411605" level="INFO">Slept 3 seconds.</msg>
<arg>3s</arg>
<doc>Pauses the test executed for the given time.</doc>
<status status="PASS" start="2024-05-15T11:35:07.408759" elapsed="3.002846"/>
</kw>
<kw name="Enter Password" owner="LoginKeywords">
<kw name="Input Text" owner="SeleniumLibrary">
<msg time="2024-05-15T11:35:10.411605" level="INFO">Typing text '12345' into text field 'name:Password'.</msg>
<arg>${txt_loginPassword}</arg>
<arg>${password}</arg>
<doc>Types the given ``text`` into the text field identified by ``locator``.</doc>
<status status="PASS" start="2024-05-15T11:35:10.411605" elapsed="0.104114"/>
</kw>
<arg>${password}</arg>
<status status="PASS" start="2024-05-15T11:35:10.411605" elapsed="0.104114"/>
</kw>
<kw name="Sleep" owner="BuiltIn">
<msg time="2024-05-15T11:35:13.519041" level="INFO">Slept 3 seconds.</msg>
<arg>3s</arg>
<doc>Pauses the test executed for the given time.</doc>
<status status="PASS" start="2024-05-15T11:35:10.516718" elapsed="3.002323"/>
</kw>
<kw name="Click Signin" owner="LoginKeywords">
<kw name="Click Button" owner="SeleniumLibrary">
<msg time="2024-05-15T11:35:13.520101" level="INFO">Clicking button 'xpath://button[@type='submit']'.</msg>
<arg>${btn_signIn}</arg>
<doc>Clicks the button identified by ``locator``.</doc>
<status status="PASS" start="2024-05-15T11:35:13.520101" elapsed="0.733148"/>
</kw>
<status status="PASS" start="2024-05-15T11:35:13.519041" elapsed="0.734208"/>
</kw>
<kw name="Sleep" owner="BuiltIn">
<msg time="2024-05-15T11:35:17.255426" level="INFO">Slept 3 seconds.</msg>
<arg>3s</arg>
<doc>Pauses the test executed for the given time.</doc>
<status status="PASS" start="2024-05-15T11:35:14.253757" elapsed="3.001669"/>
</kw>
<kw name="Verify Successful Login" owner="LoginKeywords">
<kw name="Title Should Be" owner="SeleniumLibrary">
<msg time="2024-05-15T11:35:17.438692" level="INFO" html="true">&lt;/td&gt;&lt;/tr&gt;&lt;tr&gt;&lt;td colspan="3"&gt;&lt;a href="selenium-screenshot-15.png"&gt;&lt;img src="selenium-screenshot-15.png" width="800px"&gt;&lt;/a&gt;</msg>
<msg time="2024-05-15T11:35:17.438692" level="FAIL">Title should have been 'DASHBOARD' but was 'Login'.</msg>
<arg>DASHBOARD</arg>
<doc>Verifies that the current page title equals ``title``.</doc>
<status status="FAIL" start="2024-05-15T11:35:17.256467" elapsed="0.197321">Title should have been 'DASHBOARD' but was 'Login'.</status>
</kw>
<status status="FAIL" start="2024-05-15T11:35:17.255426" elapsed="0.199372">Title should have been 'DASHBOARD' but was 'Login'.</status>
</kw>
<kw name="Close My Browser" owner="LoginKeywords">
<status status="NOT RUN" start="2024-05-15T11:35:17.454798" elapsed="0.000000"/>
</kw>
<status status="FAIL" start="2024-05-15T11:34:59.336322" elapsed="18.118476">Title should have been 'DASHBOARD' but was 'Login'.</status>
</test>
<status status="FAIL" start="2024-05-15T11:34:58.817192" elapsed="18.639112"/>
</suite>
<statistics>
<total>
<stat pass="0" fail="1" skip="0">All Tests</stat>
</total>
<tag>
</tag>
<suite>
<stat pass="0" fail="1" skip="0" id="s1" name="LoginTest">LoginTest</stat>
</suite>
</statistics>
<errors>
</errors>
</robot>
